0 info it worked if it ends with ok
1 verbose cli [ '/usr/local/bin/node',
1 verbose cli   '/Users/davidclements/npm-global/bin/npm',
1 verbose cli   'pub' ]
2 info using npm@2.14.17
3 info using node@v6.7.0
4 verbose publish [ '.' ]
5 verbose stack Error: Invalid name: "pino-🍾"
5 verbose stack     at ensureValidName (/Users/davidclements/npm-global/lib/node_modules/npm/node_modules/normalize-package-data/lib/fixer.js:336:15)
5 verbose stack     at Object.fixNameField (/Users/davidclements/npm-global/lib/node_modules/npm/node_modules/normalize-package-data/lib/fixer.js:215:5)
5 verbose stack     at /Users/davidclements/npm-global/lib/node_modules/npm/node_modules/normalize-package-data/lib/normalize.js:32:38
5 verbose stack     at Array.forEach (native)
5 verbose stack     at normalize (/Users/davidclements/npm-global/lib/node_modules/npm/node_modules/normalize-package-data/lib/normalize.js:31:15)
5 verbose stack     at final (/Users/davidclements/npm-global/lib/node_modules/npm/node_modules/read-package-json/read-json.js:338:5)
5 verbose stack     at then (/Users/davidclements/npm-global/lib/node_modules/npm/node_modules/read-package-json/read-json.js:113:5)
5 verbose stack     at /Users/davidclements/npm-global/lib/node_modules/npm/node_modules/read-package-json/read-json.js:300:12
5 verbose stack     at /Users/davidclements/npm-global/lib/node_modules/npm/node_modules/graceful-fs/graceful-fs.js:76:16
5 verbose stack     at tryToString (fs.js:455:3)
6 verbose cwd /Users/davidclements/z/nearForm/pino-noir
7 error Darwin 15.0.0
8 error argv "/usr/local/bin/node" "/Users/davidclements/npm-global/bin/npm" "pub"
9 error node v6.7.0
10 error npm  v2.14.17
11 error Invalid name: "pino-🍾"
12 error If you need help, you may report this error at:
12 error     <https://github.com/npm/npm/issues>
13 verbose exit [ 1, true ]
